2015-07-07 09:39:55,435 [main] INFO  main.UplineMain[30] -  * * * begin release...
2015-07-07 09:39:55,445 [main] INFO  main.UplineMain[32] - (STEP 1) load config file...
2015-07-07 09:39:55,445 [main] INFO  main.UplineMain[35] - DONE
2015-07-07 09:39:55,445 [main] INFO  main.UplineMain[36] - (STEP 2) load config...
2015-07-07 09:39:55,455 [main] INFO  main.UplineMain[103] - (STEP 3) searching release files...
2015-07-07 09:39:55,455 [main] INFO  proxy.UplineProxy[46] - login[61.142.114.237:21]
2015-07-07 09:39:55,555 [main] INFO  proxy.UplineProxy[54] - login successfully
2015-07-07 09:39:55,555 [main] INFO  proxy.UplineProxy[56] - searching release files
2015-07-07 09:39:55,784 [main] DEBUG util.FtpClientUtil[243] - list file size=0 from /data/upfile/20150707/
2015-07-07 09:39:55,784 [main] INFO  proxy.UplineProxy[82] - total 0 files in /data/upfile/20150707/
2015-07-07 09:39:55,784 [main] INFO  main.UplineMain[107] - (STEP 4) backup release files...
2015-07-07 09:39:55,784 [main] INFO  main.UplineMain[109] - (STEP 4) begin release...
2015-07-07 09:39:55,784 [main] INFO  proxy.UplineProxy[202] - login[61.142.114.237:21] successfully...
2015-07-07 09:39:55,884 [main] INFO  main.UplineMain[115] - (STEP 5) begin checksum...
2015-07-07 09:39:55,894 [main] ERROR proxy.UplineProxy[393] - 
java.io.FileNotFoundException: logs\rlse_fpssocket_new_check.log (系统找不到指定的文件。)
	at java.io.FileInputStream.open(Native Method)
	at java.io.FileInputStream.<init>(FileInputStream.java:138)
	at java.io.FileReader.<init>(FileReader.java:72)
	at cn.qtone.release.proxy.UplineProxy.checksum(UplineProxy.java:371)
	at cn.qtone.release.main.UplineMain.running(UplineMain.java:116)
	at cn.qtone.release.main.UplineMain.main(UplineMain.java:165)
2015-07-07 09:39:55,894 [main] INFO  main.UplineMain[120] -  * * * (END) release fail...
2015-07-07 09:40:47,404 [main] INFO  main.UplineMain[30] -  * * * begin release...
2015-07-07 09:40:47,418 [main] INFO  main.UplineMain[32] - (STEP 1) load config file...
2015-07-07 09:40:47,418 [main] INFO  main.UplineMain[35] - DONE
2015-07-07 09:40:47,428 [main] INFO  main.UplineMain[36] - (STEP 2) load config...
2015-07-07 09:40:50,371 [main] INFO  main.UplineMain[103] - (STEP 3) searching release files...
2015-07-07 09:40:53,322 [main] INFO  proxy.UplineProxy[46] - login[61.142.114.237:21]
2015-07-07 09:40:53,452 [main] INFO  proxy.UplineProxy[54] - login successfully
2015-07-07 09:40:53,453 [main] INFO  proxy.UplineProxy[56] - searching release files
2015-07-07 09:41:06,532 [main] DEBUG util.FtpClientUtil[243] - list file size=0 from /data/upfile/20150707/
2015-07-07 09:41:06,532 [main] INFO  proxy.UplineProxy[82] - total 0 files in /data/upfile/20150707/
2015-07-07 09:41:06,532 [main] INFO  main.UplineMain[107] - (STEP 4) backup release files...
2015-07-07 09:41:06,532 [main] INFO  main.UplineMain[109] - (STEP 4) begin release...
2015-07-07 09:41:06,532 [main] INFO  proxy.UplineProxy[202] - login[61.142.114.237:21] successfully...
2015-07-07 09:41:06,593 [main] INFO  main.UplineMain[115] - (STEP 5) begin checksum...
2015-07-07 09:41:06,605 [main] ERROR proxy.UplineProxy[393] - 
java.io.FileNotFoundException: logs\rlse_fpssocket_new_check.log (系统找不到指定的文件。)
	at java.io.FileInputStream.open(Native Method)
	at java.io.FileInputStream.<init>(FileInputStream.java:138)
	at java.io.FileReader.<init>(FileReader.java:72)
	at cn.qtone.release.proxy.UplineProxy.checksum(UplineProxy.java:371)
	at cn.qtone.release.main.UplineMain.running(UplineMain.java:116)
	at cn.qtone.release.main.UplineMain.main(UplineMain.java:165)
2015-07-07 09:41:06,607 [main] INFO  main.UplineMain[120] -  * * * (END) release fail...
2015-07-07 09:41:10,750 [main] INFO  main.UplineMain[30] -  * * * begin release...
2015-07-07 09:41:10,770 [main] INFO  main.UplineMain[32] - (STEP 1) load config file...
2015-07-07 09:41:10,770 [main] INFO  main.UplineMain[35] - DONE
2015-07-07 09:41:10,770 [main] INFO  main.UplineMain[36] - (STEP 2) load config...
2015-07-07 09:41:10,791 [main] INFO  main.UplineMain[103] - (STEP 3) searching release files...
2015-07-07 09:41:10,791 [main] INFO  proxy.UplineProxy[46] - login[61.142.114.237:21]
2015-07-07 09:41:10,901 [main] INFO  proxy.UplineProxy[54] - login successfully
2015-07-07 09:41:10,901 [main] INFO  proxy.UplineProxy[56] - searching release files
2015-07-07 09:45:15,911 [main] INFO  main.UplineMain[30] -  * * * begin release...
2015-07-07 09:45:15,924 [main] INFO  main.UplineMain[32] - (STEP 1) load config file...
2015-07-07 09:45:15,930 [main] INFO  main.UplineMain[35] - DONE
2015-07-07 09:45:15,931 [main] INFO  main.UplineMain[36] - (STEP 2) load config...
2015-07-07 09:45:17,161 [main] INFO  main.UplineMain[103] - (STEP 3) searching release files...
2015-07-07 09:45:21,626 [main] INFO  proxy.UplineProxy[46] - login[61.142.114.237:21]
2015-07-07 10:04:45,735 [main] INFO  proxy.UplineProxy[54] - login successfully
2015-07-07 10:04:46,772 [main] INFO  proxy.UplineProxy[56] - searching release files
2015-07-07 10:08:38,429 [main] INFO  main.UplineMain[30] -  * * * begin release...
2015-07-07 10:08:38,436 [main] INFO  main.UplineMain[32] - (STEP 1) load config file...
2015-07-07 10:08:38,439 [main] INFO  main.UplineMain[35] - DONE
2015-07-07 10:08:38,439 [main] INFO  main.UplineMain[36] - (STEP 2) load config...
2015-07-07 10:08:38,449 [main] INFO  main.UplineMain[103] - (STEP 3) searching release files...
2015-07-07 10:08:38,452 [main] INFO  proxy.UplineProxy[46] - login[61.142.114.237:21]
2015-07-07 10:08:38,579 [main] INFO  proxy.UplineProxy[54] - login successfully
2015-07-07 10:08:38,579 [main] INFO  proxy.UplineProxy[56] - searching release files
2015-07-07 10:08:38,849 [main] DEBUG util.FtpClientUtil[243] - list file size=1 from upfile/fps/20150707/
2015-07-07 10:08:39,093 [main] DEBUG util.FtpClientUtil[243] - list file size=0 from upfile/fps/20150707/logs/
2015-07-07 10:08:39,093 [main] INFO  proxy.UplineProxy[82] - total 0 files in upfile/fps/20150707/
2015-07-07 10:08:39,093 [main] INFO  main.UplineMain[107] - (STEP 4) backup release files...
2015-07-07 10:08:39,093 [main] INFO  main.UplineMain[109] - (STEP 4) begin release...
2015-07-07 10:08:39,093 [main] INFO  proxy.UplineProxy[202] - login[61.142.114.237:21] successfully...
2015-07-07 10:08:39,154 [main] INFO  main.UplineMain[115] - (STEP 5) begin checksum...
2015-07-07 10:08:39,154 [main] ERROR proxy.UplineProxy[393] - 
java.io.FileNotFoundException: logs\rlse_fpssocket_new_check.log (系统找不到指定的文件。)
	at java.io.FileInputStream.open(Native Method)
	at java.io.FileInputStream.<init>(FileInputStream.java:138)
	at java.io.FileReader.<init>(FileReader.java:72)
	at cn.qtone.release.proxy.UplineProxy.checksum(UplineProxy.java:371)
	at cn.qtone.release.main.UplineMain.running(UplineMain.java:116)
	at cn.qtone.release.main.UplineMain.main(UplineMain.java:165)
2015-07-07 10:08:39,154 [main] INFO  main.UplineMain[120] -  * * * (END) release fail...
2015-07-07 10:11:14,244 [main] INFO  main.UplineMain[30] -  * * * begin release...
2015-07-07 10:11:14,248 [main] INFO  main.UplineMain[32] - (STEP 1) load config file...
2015-07-07 10:11:14,252 [main] INFO  main.UplineMain[35] - DONE
2015-07-07 10:11:14,253 [main] INFO  main.UplineMain[36] - (STEP 2) load config...
2015-07-07 10:11:14,262 [main] INFO  main.UplineMain[103] - (STEP 3) searching release files...
2015-07-07 10:11:14,264 [main] INFO  proxy.UplineProxy[46] - login[61.142.114.237:21]
2015-07-07 10:11:14,387 [main] INFO  proxy.UplineProxy[54] - login successfully
2015-07-07 10:11:14,388 [main] INFO  proxy.UplineProxy[56] - searching release files
2015-07-07 10:11:14,635 [main] DEBUG util.FtpClientUtil[243] - list file size=1 from upfile/fps/20150707/
2015-07-07 10:11:14,854 [main] DEBUG util.FtpClientUtil[243] - list file size=0 from upfile/fps/20150707/logs/
2015-07-07 10:11:14,855 [main] INFO  proxy.UplineProxy[82] - total 0 files in upfile/fps/20150707/
2015-07-07 10:11:14,859 [main] INFO  main.UplineMain[107] - (STEP 4) backup release files...
2015-07-07 10:11:14,859 [main] INFO  main.UplineMain[109] - (STEP 4) begin release...
2015-07-07 10:11:14,860 [main] INFO  proxy.UplineProxy[202] - login[61.142.114.237:21] successfully...
2015-07-07 10:11:14,938 [main] INFO  main.UplineMain[115] - (STEP 5) begin checksum...
2015-07-07 10:11:14,943 [main] ERROR proxy.UplineProxy[393] - 
java.io.FileNotFoundException: logs\rlse_fpssocket_new_check.log (系统找不到指定的文件。)
	at java.io.FileInputStream.open(Native Method)
	at java.io.FileInputStream.<init>(FileInputStream.java:138)
	at java.io.FileReader.<init>(FileReader.java:72)
	at cn.qtone.release.proxy.UplineProxy.checksum(UplineProxy.java:371)
	at cn.qtone.release.main.UplineMain.running(UplineMain.java:116)
	at cn.qtone.release.main.UplineMain.main(UplineMain.java:165)
2015-07-07 10:11:14,945 [main] INFO  main.UplineMain[120] -  * * * (END) release fail...
2015-07-07 10:11:20,832 [main] INFO  main.UplineMain[30] -  * * * begin release...
2015-07-07 10:11:20,842 [main] INFO  main.UplineMain[32] - (STEP 1) load config file...
2015-07-07 10:11:20,847 [main] INFO  main.UplineMain[35] - DONE
2015-07-07 10:11:20,848 [main] INFO  main.UplineMain[36] - (STEP 2) load config...
2015-07-07 10:11:20,871 [main] INFO  main.UplineMain[103] - (STEP 3) searching release files...
2015-07-07 10:11:20,882 [main] INFO  proxy.UplineProxy[46] - login[61.142.114.237:21]
2015-07-07 10:11:21,151 [main] INFO  proxy.UplineProxy[54] - login successfully
2015-07-07 10:11:21,152 [main] INFO  proxy.UplineProxy[56] - searching release files
2015-07-07 10:13:34,399 [main] DEBUG util.FtpClientUtil[243] - list file size=1 from upfile/fps/20150707/
2015-07-07 10:15:11,415 [main] INFO  main.UplineMain[30] -  * * * begin release...
2015-07-07 10:15:11,435 [main] INFO  main.UplineMain[32] - (STEP 1) load config file...
2015-07-07 10:15:11,445 [main] INFO  main.UplineMain[35] - DONE
2015-07-07 10:15:11,445 [main] INFO  main.UplineMain[36] - (STEP 2) load config...
2015-07-07 10:15:11,475 [main] INFO  main.UplineMain[103] - (STEP 3) searching release files...
